<?xml version="1.0" encoding="UTF-8"?>
<testng-results ignored="0" total="1" passed="1" failed="0" skipped="0">
  <reporter-output>
  </reporter-output>
  <suite started-at="2020-11-15T19:53:22 AST" name="Default suite" finished-at="2020-11-15T19:54:59 AST" duration-ms="96537">
    <groups>
    </groups>
    <test started-at="2020-11-15T19:53:22 AST" name="Default test" finished-at="2020-11-15T19:54:59 AST" duration-ms="96537">
      <class name="acedemy.Validatenavbar">
        <test-method signature="basepagenavigation()[pri:0, instance:acedemy.Validatenavbar@2525ff7e]" started-at="2020-11-15T19:53:22 AST" name="basepagenavigation" finished-at="2020-11-15T19:54:59 AST" duration-ms="96184" status="PASS">
          <reporter-output>
          </reporter-output>
        </test-method> <!-- basepagenavigation -->
      </class> <!-- acedemy.Validatenavbar -->
    </test> <!-- Default test -->
  </suite> <!-- Default suite -->
</testng-results>
